<html>
<head>
<title>TestNG:  Test</title>
<link href="../testng.css" rel="stylesheet" type="text/css" />
<link href="../my-testng.css" rel="stylesheet" type="text/css" />

<style type="text/css">
.log { display: none;} 
.stack-trace { display: none;} 
</style>
<script type="text/javascript">
<!--
function flip(e) {
  current = e.style.display;
  if (current == 'block') {
    e.style.display = 'none';
    return 0;
  }
  else {
    e.style.display = 'block';
    return 1;
  }
}

function toggleBox(szDivId, elem, msg1, msg2)
{
  var res = -1;  if (document.getElementById) {
    res = flip(document.getElementById(szDivId));
  }
  else if (document.all) {
    // this is the way old msie versions work
    res = flip(document.all[szDivId]);
  }
  if(elem) {
    if(res == 0) elem.innerHTML = msg1; else elem.innerHTML = msg2;
  }

}

function toggleAllBoxes() {
  if (document.getElementsByTagName) {
    d = document.getElementsByTagName('div');
    for (i = 0; i < d.length; i++) {
      if (d[i].className == 'log') {
        flip(d[i]);
      }
    }
  }
}

// -->
</script>

</head>
<body>
<h2 align='center'>Test</h2><table border='1' align="center">
<tr>
<td>Tests passed/Failed/Skipped:</td><td>9/1/0</td>
</tr><tr>
<td>Started on:</td><td>Mon Jun 25 15:50:12 IST 2018</td>
</tr>
<tr><td>Total time:</td><td>486 seconds (486508 ms)</td>
</tr><tr>
<td>Included groups:</td><td></td>
</tr><tr>
<td>Excluded groups:</td><td></td>
</tr>
</table><p/>
<small><i>(Hover the method name to see the test class name)</i></small><p/>
<table width='100%' border='1' class='invocation-failed'>
<tr><td colspan='4' align='center'><b>FAILED TESTS</b></td></tr>
<tr><td><b>Test method</b></td>
<td width="30%"><b>Exception</b></td>
<td width="10%"><b>Time (seconds)</b></td>
<td><b>Instance</b></td>
</tr>
<tr>
<td title='scripts.Testcase9.adcertification()'><b>adcertification</b><br>Test class: scripts.Testcase9<br/>
<a href="#Output-1312126866" onClick='toggleBox("Output-1312126866", this, "Show output", "Hide output");'>Show output</a>

<a href="#Output-1312126866" onClick="toggleAllBoxes();">Show all outputs</a>
<div class='log' id="Output-1312126866">
element found<br/>
element found<br/>
element found<br/>
element found<br/>
Element clickable<br/>
</div>
</td>
<td><div><pre>org.openqa.selenium.NoSuchElementException: no such element: Unable to locate element: {&quot;method&quot;:&quot;id&quot;,&quot;selector&quot;:&quot;id_add_new_certification&quot;}
  (Session info: chrome=67.0.3396.87)
  (Driver info: chromedriver=2.40.565498 (ea082db3280dd6843ebfb08a625e3eb905c4f5ab),platform=Windows NT 10.0.17134 x86_64) (WARNING: The server did not provide any stacktrace information)
Command duration or timeout: 0 milliseconds
For documentation on this error, please visit: http://seleniumhq.org/exceptions/no_such_element.html
Build info: version: &apos;3.12.0&apos;, revision: &apos;7c6e0b3&apos;, time: &apos;2018-05-08T15:15:08.936Z&apos;
System info: host: &apos;DESKTOP-6G7JL2O&apos;, ip: &apos;192.168.43.95&apos;, os.name: &apos;Windows 10&apos;, os.arch: &apos;amd64&apos;, os.version: &apos;10.0&apos;, java.version: &apos;1.8.0_60&apos;
Driver info: org.openqa.selenium.chrome.ChromeDriver
Capabilities {acceptInsecureCerts: false, acceptSslCerts: false, applicationCacheEnabled: false, browserConnectionEnabled: false, browserName: chrome, chrome: {chromedriverVersion: 2.40.565498 (ea082db3280dd6..., userDataDir: C:\Users\DELL\AppData\Local...}, cssSelectorsEnabled: true, databaseEnabled: false, handlesAlerts: true, hasTouchScreen: false, javascriptEnabled: true, locationContextEnabled: true, mobileEmulationEnabled: false, nativeEvents: true, networkConnectionEnabled: false, pageLoadStrategy: normal, platform: XP, platformName: XP, rotatable: false, setWindowRect: true, takesHeapSnapshot: true, takesScreenshot: true, unexpectedAlertBehaviour: , unhandledPromptBehavior: , version: 67.0.3396.87, webStorageEnabled: true}
Session ID: ff46c4980276ebdab8ab78a83850bd6d
*** Element info: {Using=id, value=id_add_new_certification}
	at org.openqa.selenium.remote.ErrorHandler.createThrowable(ErrorHandler.java:214)
	at org.openqa.selenium.remote.ErrorHandler.throwIfResponseFailed(ErrorHandler.java:166)
	at org.openqa.selenium.remote.http.JsonHttpResponseCodec.reconstructValue(JsonHttpResponseCodec.java:40)
	at org.openqa.selenium.remote.http.AbstractHttpResponseCodec.decode(AbstractHttpResponseCodec.java:80)
	at org.openqa.selenium.remote.http.AbstractHttpResponseCodec.decode(AbstractHttpResponseCodec.java:44)
	at org.openqa.selenium.remote.HttpCommandExecutor.execute(HttpCommandExecutor.java:158)
	at org.openqa.selenium.remote.service.DriverCommandExecutor.execute(DriverCommandExecutor.java:83)
	at org.openqa.selenium.remote.RemoteWebDriver.execute(RemoteWebDriver.java:543)
	at org.openqa.selenium.remote.RemoteWebDriver.findElement(RemoteWebDriver.java:317)
	at org.openqa.selenium.remote.RemoteWebDriver.findElementById(RemoteWebDriver.java:363)
	at org.openqa.selenium.By$ById.findElement(By.java:188)
	at org.openqa.selenium.remote.RemoteWebDriver.findElement(RemoteWebDriver.java:309)
	at org.openqa.selenium.support.pagefactory.DefaultElementLocator.findElement(DefaultElementLocator.java:69)
	at org.openqa.selenium.support.pagefactory.internal.LocatingElementHandler.invoke(LocatingElementHandler.java:38)
	at com.sun.proxy.$Proxy9.click(Unknown Source)
	at pom.ProfilePage.addnewcert(ProfilePage.java:214)
	at scripts.Testcase9.adcertification(Testcase9.java:32)
... Removed 29 stack frames</pre></div><a href='#' onClick='toggleBox("stack-trace1312126866", this, "Click to show all stack frames", "Click to hide stack frames")'>Click to show all stack frames</a>
<div class='stack-trace' id='stack-trace1312126866'><pre>org.openqa.selenium.NoSuchElementException: no such element: Unable to locate element: {&quot;method&quot;:&quot;id&quot;,&quot;selector&quot;:&quot;id_add_new_certification&quot;}
  (Session info: chrome=67.0.3396.87)
  (Driver info: chromedriver=2.40.565498 (ea082db3280dd6843ebfb08a625e3eb905c4f5ab),platform=Windows NT 10.0.17134 x86_64) (WARNING: The server did not provide any stacktrace information)
Command duration or timeout: 0 milliseconds
For documentation on this error, please visit: http://seleniumhq.org/exceptions/no_such_element.html
Build info: version: &apos;3.12.0&apos;, revision: &apos;7c6e0b3&apos;, time: &apos;2018-05-08T15:15:08.936Z&apos;
System info: host: &apos;DESKTOP-6G7JL2O&apos;, ip: &apos;192.168.43.95&apos;, os.name: &apos;Windows 10&apos;, os.arch: &apos;amd64&apos;, os.version: &apos;10.0&apos;, java.version: &apos;1.8.0_60&apos;
Driver info: org.openqa.selenium.chrome.ChromeDriver
Capabilities {acceptInsecureCerts: false, acceptSslCerts: false, applicationCacheEnabled: false, browserConnectionEnabled: false, browserName: chrome, chrome: {chromedriverVersion: 2.40.565498 (ea082db3280dd6..., userDataDir: C:\Users\DELL\AppData\Local...}, cssSelectorsEnabled: true, databaseEnabled: false, handlesAlerts: true, hasTouchScreen: false, javascriptEnabled: true, locationContextEnabled: true, mobileEmulationEnabled: false, nativeEvents: true, networkConnectionEnabled: false, pageLoadStrategy: normal, platform: XP, platformName: XP, rotatable: false, setWindowRect: true, takesHeapSnapshot: true, takesScreenshot: true, unexpectedAlertBehaviour: , unhandledPromptBehavior: , version: 67.0.3396.87, webStorageEnabled: true}
Session ID: ff46c4980276ebdab8ab78a83850bd6d
*** Element info: {Using=id, value=id_add_new_certification}
	at sun.reflect.NativeConstructorAccessorImpl.newInstance0(Native Method)
	at sun.reflect.NativeConstructorAccessorImpl.newInstance(Unknown Source)
	at sun.reflect.DelegatingConstructorAccessorImpl.newInstance(Unknown Source)
	at java.lang.reflect.Constructor.newInstance(Unknown Source)
	at org.openqa.selenium.remote.ErrorHandler.createThrowable(ErrorHandler.java:214)
	at org.openqa.selenium.remote.ErrorHandler.throwIfResponseFailed(ErrorHandler.java:166)
	at org.openqa.selenium.remote.http.JsonHttpResponseCodec.reconstructValue(JsonHttpResponseCodec.java:40)
	at org.openqa.selenium.remote.http.AbstractHttpResponseCodec.decode(AbstractHttpResponseCodec.java:80)
	at org.openqa.selenium.remote.http.AbstractHttpResponseCodec.decode(AbstractHttpResponseCodec.java:44)
	at org.openqa.selenium.remote.HttpCommandExecutor.execute(HttpCommandExecutor.java:158)
	at org.openqa.selenium.remote.service.DriverCommandExecutor.execute(DriverCommandExecutor.java:83)
	at org.openqa.selenium.remote.RemoteWebDriver.execute(RemoteWebDriver.java:543)
	at org.openqa.selenium.remote.RemoteWebDriver.findElement(RemoteWebDriver.java:317)
	at org.openqa.selenium.remote.RemoteWebDriver.findElementById(RemoteWebDriver.java:363)
	at org.openqa.selenium.By$ById.findElement(By.java:188)
	at org.openqa.selenium.remote.RemoteWebDriver.findElement(RemoteWebDriver.java:309)
	at org.openqa.selenium.support.pagefactory.DefaultElementLocator.findElement(DefaultElementLocator.java:69)
	at org.openqa.selenium.support.pagefactory.internal.LocatingElementHandler.invoke(LocatingElementHandler.java:38)
	at com.sun.proxy.$Proxy9.click(Unknown Source)
	at pom.ProfilePage.addnewcert(ProfilePage.java:214)
	at scripts.Testcase9.adcertification(Testcase9.java:32)
	at sun.reflect.NativeMethodAccessorImpl.invoke0(Native Method)
	at sun.reflect.NativeMethodAccessorImpl.invoke(Unknown Source)
	at sun.reflect.DelegatingMethodAccessorImpl.invoke(Unknown Source)
	at java.lang.reflect.Method.invoke(Unknown Source)
	at org.testng.internal.MethodInvocationHelper.invokeMethod(MethodInvocationHelper.java:124)
	at org.testng.internal.Invoker.invokeMethod(Invoker.java:580)
	at org.testng.internal.Invoker.invokeTestMethod(Invoker.java:716)
	at org.testng.internal.Invoker.invokeTestMethods(Invoker.java:988)
	at org.testng.internal.TestMethodWorker.invokeTestMethods(TestMethodWorker.java:125)
	at org.testng.internal.TestMethodWorker.run(TestMethodWorker.java:109)
	at org.testng.TestRunner.privateRun(TestRunner.java:648)
	at org.testng.TestRunner.run(TestRunner.java:505)
	at org.testng.SuiteRunner.runTest(SuiteRunner.java:455)
	at org.testng.SuiteRunner.runSequentially(SuiteRunner.java:450)
	at org.testng.SuiteRunner.privateRun(SuiteRunner.java:415)
	at org.testng.SuiteRunner.run(SuiteRunner.java:364)
	at org.testng.SuiteRunnerWorker.runSuite(SuiteRunnerWorker.java:52)
	at org.testng.SuiteRunnerWorker.run(SuiteRunnerWorker.java:84)
	at org.testng.TestNG.runSuitesSequentially(TestNG.java:1208)
	at org.testng.TestNG.runSuitesLocally(TestNG.java:1137)
	at org.testng.TestNG.runSuites(TestNG.java:1049)
	at org.testng.TestNG.run(TestNG.java:1017)
	at org.testng.remote.AbstractRemoteTestNG.run(AbstractRemoteTestNG.java:114)
	at org.testng.remote.RemoteTestNG.initAndRun(RemoteTestNG.java:251)
	at org.testng.remote.RemoteTestNG.main(RemoteTestNG.java:77)
</pre></div></td>
<td>41</td>
<td>scripts.Testcase9@307f6b8c</td></tr>
</table><p>
<table width='100%' border='1' class='invocation-passed'>
<tr><td colspan='4' align='center'><b>PASSED TESTS</b></td></tr>
<tr><td><b>Test method</b></td>
<td width="30%"><b>Exception</b></td>
<td width="10%"><b>Time (seconds)</b></td>
<td><b>Instance</b></td>
</tr>
<tr>
<td title='scripts.Testscript10.CreateAlert()'><b>CreateAlert</b><br>Test class: scripts.Testscript10<br/>
<a href="#Output-507975812" onClick='toggleBox("Output-507975812", this, "Show output", "Hide output");'>Show output</a>

<a href="#Output-507975812" onClick="toggleAllBoxes();">Show all outputs</a>
<div class='log' id="Output-507975812">
element found<br/>
element found<br/>
element found<br/>
element found<br/>
Element clickable<br/>
element found<br/>
Element clickable<br/>
element found<br/>
Element clickable<br/>
element found<br/>
</div>
</td>
<td></td>
<td>48</td>
<td>scripts.Testscript10@2173f6d9</td></tr>
<tr>
<td title='scripts.Testcase1.ThroughLinked()'><b>ThroughLinked</b><br>Test class: scripts.Testcase1</td>
<td></td>
<td>34</td>
<td>scripts.Testcase1@2353b3e6</td></tr>
<tr>
<td title='scripts.Testcase2.forgotpass()'><b>forgotpass</b><br>Test class: scripts.Testcase2</td>
<td></td>
<td>8</td>
<td>scripts.Testcase2@7a187f14</td></tr>
<tr>
<td title='scripts.Testcase3.login()'><b>login</b><br>Test class: scripts.Testcase3<br/>
<a href="#Output-1327127443" onClick='toggleBox("Output-1327127443", this, "Show output", "Hide output");'>Show output</a>

<a href="#Output-1327127443" onClick="toggleAllBoxes();">Show all outputs</a>
<div class='log' id="Output-1327127443">
element found<br/>
element found<br/>
element found<br/>
element found<br/>
Element clickable<br/>
logged in succesful<br/>
element found<br/>
Element clickable<br/>
element found<br/>
Logged out succesfully<br/>
</div>
</td>
<td></td>
<td>20</td>
<td>scripts.Testcase3@6f195bc3</td></tr>
<tr>
<td title='scripts.Testcase5.remove_skill()'><b>remove_skill</b><br>Test class: scripts.Testcase5<br/>
<a href="#Output-1725392569" onClick='toggleBox("Output-1725392569", this, "Show output", "Hide output");'>Show output</a>

<a href="#Output-1725392569" onClick="toggleAllBoxes();">Show all outputs</a>
<div class='log' id="Output-1725392569">
element found<br/>
element found<br/>
element found<br/>
element found<br/>
Element clickable<br/>
element found<br/>
Element clickable<br/>
element found<br/>
</div>
</td>
<td></td>
<td>27</td>
<td>scripts.Testcase5@1a8a8f7c</td></tr>
<tr>
<td title='scripts.Testcase6.updateinfo()'><b>updateinfo</b><br>Test class: scripts.Testcase6<br/>
<a href="#Output-240630125" onClick='toggleBox("Output-240630125", this, "Show output", "Hide output");'>Show output</a>

<a href="#Output-240630125" onClick="toggleAllBoxes();">Show all outputs</a>
<div class='log' id="Output-240630125">
element found<br/>
element found<br/>
element found<br/>
element found<br/>
Element clickable<br/>
element found<br/>
</div>
</td>
<td></td>
<td>55</td>
<td>scripts.Testcase6@467aecef</td></tr>
<tr>
<td title='scripts.Testcase7.updatequal()'><b>updatequal</b><br>Test class: scripts.Testcase7<br/>
<a href="#Output-704277349" onClick='toggleBox("Output-704277349", this, "Show output", "Hide output");'>Show output</a>

<a href="#Output-704277349" onClick="toggleAllBoxes();">Show all outputs</a>
<div class='log' id="Output-704277349">
element found<br/>
element found<br/>
element found<br/>
element found<br/>
Element clickable<br/>
element found<br/>
Element clickable<br/>
element found<br/>
</div>
</td>
<td></td>
<td>29</td>
<td>scripts.Testcase7@4d50efb8</td></tr>
<tr>
<td title='scripts.Testcase8.uploadresume()'><b>uploadresume</b><br>Test class: scripts.Testcase8<br/>
<a href="#Output-1015139714" onClick='toggleBox("Output-1015139714", this, "Show output", "Hide output");'>Show output</a>

<a href="#Output-1015139714" onClick="toggleAllBoxes();">Show all outputs</a>
<div class='log' id="Output-1015139714">
element found<br/>
element found<br/>
element found<br/>
element found<br/>
Element clickable<br/>
element found<br/>
Element clickable<br/>
element found<br/>
</div>
</td>
<td></td>
<td>39</td>
<td>scripts.Testcase8@7e2d773b</td></tr>
<tr>
<td title='scripts.Testcase4.uploadskill()'><b>uploadskill</b><br>Test class: scripts.Testcase4<br/>
<a href="#Output-1892771928" onClick='toggleBox("Output-1892771928", this, "Show output", "Hide output");'>Show output</a>

<a href="#Output-1892771928" onClick="toggleAllBoxes();">Show all outputs</a>
<div class='log' id="Output-1892771928">
element found<br/>
element found<br/>
element found<br/>
element found<br/>
Element clickable<br/>
</div>
</td>
<td></td>
<td>42</td>
<td>scripts.Testcase4@51e2adc7</td></tr>
</table><p>
</body>
</html>